This is pdfTeX, Version 3.14159265-2.6-1.40.19 (MiKTeX 2.9.6630 64-bit) (preloaded format=pdflatex 2018.7.12)  31 MAR 2019 13:51
entering extended mode
**./display_slave.tex
(display_slave.tex
LaTeX2e <2017-04-15>
Babel <3.18> and hyphenation patterns for 75 language(s) loaded.
("C:\Users\Cx\AppData\Local\Programs\MiKTeX 2.9\tex\latex\base\article.cls"
Document Class: article 2014/09/29 v1.4h Standard LaTeX document class
("C:\Users\Cx\AppData\Local\Programs\MiKTeX 2.9\tex\latex\base\size12.clo"
File: size12.clo 2014/09/29 v1.4h Standard LaTeX file (size option)
)
\c@part=\count79
\c@section=\count80
\c@subsection=\count81
\c@subsubsection=\count82
\c@paragraph=\count83
\c@subparagraph=\count84
\c@figure=\count85
\c@table=\count86
\abovecaptionskip=\skip41
\belowcaptionskip=\skip42
\bibindent=\dimen102
)
("C:\Users\Cx\AppData\Local\Programs\MiKTeX 2.9\tex\latex\geometry\geometry.sty
"
Package: geometry 2010/09/12 v5.6 Page Geometry
 ("C:\Users\Cx\AppData\Local\Programs\MiKTeX 2.9\tex\latex\graphics\keyval.sty"
Package: keyval 2014/10/28 v1.15 key=value parser (DPC)
\KV@toks@=\toks14
)
("C:\Users\Cx\AppData\Local\Programs\MiKTeX 2.9\tex\generic\oberdiek\ifpdf.sty"
Package: ifpdf 2017/03/15 v3.2 Provides the ifpdf switch
)
("C:\Users\Cx\AppData\Local\Programs\MiKTeX 2.9\tex\generic\oberdiek\ifvtex.sty
"
Package: ifvtex 2016/05/16 v1.6 Detect VTeX and its facilities (HO)
Package ifvtex Info: VTeX not detected.
)
("C:\Users\Cx\AppData\Local\Programs\MiKTeX 2.9\tex\generic\ifxetex\ifxetex.sty
"
Package: ifxetex 2010/09/12 v0.6 Provides ifxetex conditional
)
\Gm@cnth=\count87
\Gm@cntv=\count88
\c@Gm@tempcnt=\count89
\Gm@bindingoffset=\dimen103
\Gm@wd@mp=\dimen104
\Gm@odd@mp=\dimen105
\Gm@even@mp=\dimen106
\Gm@layoutwidth=\dimen107
\Gm@layoutheight=\dimen108
\Gm@layouthoffset=\dimen109
\Gm@layoutvoffset=\dimen110
\Gm@dimlist=\toks15

("C:\Users\Cx\AppData\Local\Programs\MiKTeX 2.9\tex\latex\geometry\geometry.cfg
"))
("C:\Users\Cx\AppData\Local\Programs\MiKTeX 2.9\tex\latex\amsmath\amsmath.sty"
Package: amsmath 2017/09/02 v2.17a AMS math features
\@mathmargin=\skip43

For additional information on amsmath, use the `?' option.
("C:\Users\Cx\AppData\Local\Programs\MiKTeX 2.9\tex\latex\amsmath\amstext.sty"
Package: amstext 2000/06/29 v2.01 AMS text

("C:\Users\Cx\AppData\Local\Programs\MiKTeX 2.9\tex\latex\amsmath\amsgen.sty"
File: amsgen.sty 1999/11/30 v2.0 generic functions
\@emptytoks=\toks16
\ex@=\dimen111
)) ("C:\Users\Cx\AppData\Local\Programs\MiKTeX 2.9\tex\latex\amsmath\amsbsy.sty
"
Package: amsbsy 1999/11/29 v1.2d Bold Symbols
\pmbraise@=\dimen112
) ("C:\Users\Cx\AppData\Local\Programs\MiKTeX 2.9\tex\latex\amsmath\amsopn.sty"
Package: amsopn 2016/03/08 v2.02 operator names
)
\inf@bad=\count90
LaTeX Info: Redefining \frac on input line 213.
\uproot@=\count91
\leftroot@=\count92
LaTeX Info: Redefining \overline on input line 375.
\classnum@=\count93
\DOTSCASE@=\count94
LaTeX Info: Redefining \ldots on input line 472.
LaTeX Info: Redefining \dots on input line 475.
LaTeX Info: Redefining \cdots on input line 596.
\Mathstrutbox@=\box26
\strutbox@=\box27
\big@size=\dimen113
LaTeX Font Info:    Redeclaring font encoding OML on input line 712.
LaTeX Font Info:    Redeclaring font encoding OMS on input line 713.
\macc@depth=\count95
\c@MaxMatrixCols=\count96
\dotsspace@=\muskip10
\c@parentequation=\count97
\dspbrk@lvl=\count98
\tag@help=\toks17
\row@=\count99
\column@=\count100
\maxfields@=\count101
\andhelp@=\toks18
\eqnshift@=\dimen114
\alignsep@=\dimen115
\tagshift@=\dimen116
\tagwidth@=\dimen117
\totwidth@=\dimen118
\lineht@=\dimen119
\@envbody=\toks19
\multlinegap=\skip44
\multlinetaggap=\skip45
\mathdisplay@stack=\toks20
LaTeX Info: Redefining \[ on input line 2817.
LaTeX Info: Redefining \] on input line 2818.
) ("C:\Users\Cx\AppData\Local\Programs\MiKTeX 2.9\tex\latex\amsfonts\amssymb.st
y"
Package: amssymb 2013/01/14 v3.01 AMS font symbols

("C:\Users\Cx\AppData\Local\Programs\MiKTeX 2.9\tex\latex\amsfonts\amsfonts.sty
"
Package: amsfonts 2013/01/14 v3.01 Basic AMSFonts support
\symAMSa=\mathgroup4
\symAMSb=\mathgroup5
LaTeX Font Info:    Overwriting math alphabet `\mathfrak' in version `bold'
(Font)                  U/euf/m/n --> U/euf/b/n on input line 106.
)) ("C:\Users\Cx\AppData\Local\Programs\MiKTeX 2.9\tex\latex\cancel\cancel.sty"
Package: cancel 2013/04/12 v2.2 Cancel math terms
)
("C:\Users\Cx\AppData\Local\Programs\MiKTeX 2.9\tex\latex\graphics\graphicx.sty
"
Package: graphicx 2017/06/01 v1.1a Enhanced LaTeX Graphics (DPC,SPQR)

("C:\Users\Cx\AppData\Local\Programs\MiKTeX 2.9\tex\latex\graphics\graphics.sty
"
Package: graphics 2017/06/25 v1.2c Standard LaTeX Graphics (DPC,SPQR)
 ("C:\Users\Cx\AppData\Local\Programs\MiKTeX 2.9\tex\latex\graphics\trig.sty"
Package: trig 2016/01/03 v1.10 sin cos tan (DPC)
)
("C:\Users\Cx\AppData\Local\Programs\MiKTeX 2.9\tex\latex\graphics-cfg\graphics
.cfg"
File: graphics.cfg 2016/06/04 v1.11 sample graphics configuration
)
Package graphics Info: Driver file: pdftex.def on input line 99.

("C:\Users\Cx\AppData\Local\Programs\MiKTeX 2.9\tex\latex\graphics-def\pdftex.d
ef"
File: pdftex.def 2018/01/08 v1.0l Graphics/color driver for pdftex
))
\Gin@req@height=\dimen120
\Gin@req@width=\dimen121
) ("C:\Users\Cx\AppData\Local\Programs\MiKTeX 2.9\tex\latex\esint\esint.sty"
Package: esint 
\symlargesymbolsA=\mathgroup6
)
("C:\Users\Cx\AppData\Local\Programs\MiKTeX 2.9\tex\latex\mdsymbol\mdsymbol.sty
"
Package: mdsymbol 2012/11/18 v0.5 MdSymbol support package
 ("C:\Users\Cx\AppData\Local\Programs\MiKTeX 2.9\tex\latex\xkeyval\xkeyval.sty"
Package: xkeyval 2014/12/03 v2.7a package option processing (HA)

("C:\Users\Cx\AppData\Local\Programs\MiKTeX 2.9\tex\generic\xkeyval\xkeyval.tex
"
("C:\Users\Cx\AppData\Local\Programs\MiKTeX 2.9\tex\generic\xkeyval\xkvutils.te
x"
\XKV@toks=\toks21
\XKV@tempa@toks=\toks22
)
\XKV@depth=\count102
File: xkeyval.tex 2014/12/03 v2.7a key=value parser (HA)
))
("C:\Users\Cx\AppData\Local\Programs\MiKTeX 2.9\tex\latex\base\textcomp.sty"
Package: textcomp 2017/04/05 v2.0i Standard LaTeX package
Package textcomp Info: Sub-encoding information:
(textcomp)               5 = only ISO-Adobe without \textcurrency
(textcomp)               4 = 5 + \texteuro
(textcomp)               3 = 4 + \textohm
(textcomp)               2 = 3 + \textestimated + \textcurrency
(textcomp)               1 = TS1 - \textcircled - \t
(textcomp)               0 = TS1 (full)
(textcomp)             Font families with sub-encoding setting implement
(textcomp)             only a restricted character set as indicated.
(textcomp)             Family '?' is the default used for unknown fonts.
(textcomp)             See the documentation for details.
Package textcomp Info: Setting ? sub-encoding to TS1/1 on input line 79.

("C:\Users\Cx\AppData\Local\Programs\MiKTeX 2.9\tex\latex\base\ts1enc.def"
File: ts1enc.def 2001/06/05 v3.0e (jk/car/fm) Standard LaTeX file
)
LaTeX Info: Redefining \oldstylenums on input line 334.
Package textcomp Info: Setting cmr sub-encoding to TS1/0 on input line 349.
Package textcomp Info: Setting cmss sub-encoding to TS1/0 on input line 350.
Package textcomp Info: Setting cmtt sub-encoding to TS1/0 on input line 351.
Package textcomp Info: Setting cmvtt sub-encoding to TS1/0 on input line 352.
Package textcomp Info: Setting cmbr sub-encoding to TS1/0 on input line 353.
Package textcomp Info: Setting cmtl sub-encoding to TS1/0 on input line 354.
Package textcomp Info: Setting ccr sub-encoding to TS1/0 on input line 355.
Package textcomp Info: Setting ptm sub-encoding to TS1/4 on input line 356.
Package textcomp Info: Setting pcr sub-encoding to TS1/4 on input line 357.
Package textcomp Info: Setting phv sub-encoding to TS1/4 on input line 358.
Package textcomp Info: Setting ppl sub-encoding to TS1/3 on input line 359.
Package textcomp Info: Setting pag sub-encoding to TS1/4 on input line 360.
Package textcomp Info: Setting pbk sub-encoding to TS1/4 on input line 361.
Package textcomp Info: Setting pnc sub-encoding to TS1/4 on input line 362.
Package textcomp Info: Setting pzc sub-encoding to TS1/4 on input line 363.
Package textcomp Info: Setting bch sub-encoding to TS1/4 on input line 364.
Package textcomp Info: Setting put sub-encoding to TS1/5 on input line 365.
Package textcomp Info: Setting uag sub-encoding to TS1/5 on input line 366.
Package textcomp Info: Setting ugq sub-encoding to TS1/5 on input line 367.
Package textcomp Info: Setting ul8 sub-encoding to TS1/4 on input line 368.
Package textcomp Info: Setting ul9 sub-encoding to TS1/4 on input line 369.
Package textcomp Info: Setting augie sub-encoding to TS1/5 on input line 370.
Package textcomp Info: Setting dayrom sub-encoding to TS1/3 on input line 371.
Package textcomp Info: Setting dayroms sub-encoding to TS1/3 on input line 372.

Package textcomp Info: Setting pxr sub-encoding to TS1/0 on input line 373.
Package textcomp Info: Setting pxss sub-encoding to TS1/0 on input line 374.
Package textcomp Info: Setting pxtt sub-encoding to TS1/0 on input line 375.
Package textcomp Info: Setting txr sub-encoding to TS1/0 on input line 376.
Package textcomp Info: Setting txss sub-encoding to TS1/0 on input line 377.
Package textcomp Info: Setting txtt sub-encoding to TS1/0 on input line 378.
Package textcomp Info: Setting lmr sub-encoding to TS1/0 on input line 379.
Package textcomp Info: Setting lmdh sub-encoding to TS1/0 on input line 380.
Package textcomp Info: Setting lmss sub-encoding to TS1/0 on input line 381.
Package textcomp Info: Setting lmssq sub-encoding to TS1/0 on input line 382.
Package textcomp Info: Setting lmvtt sub-encoding to TS1/0 on input line 383.
Package textcomp Info: Setting lmtt sub-encoding to TS1/0 on input line 384.
Package textcomp Info: Setting qhv sub-encoding to TS1/0 on input line 385.
Package textcomp Info: Setting qag sub-encoding to TS1/0 on input line 386.
Package textcomp Info: Setting qbk sub-encoding to TS1/0 on input line 387.
Package textcomp Info: Setting qcr sub-encoding to TS1/0 on input line 388.
Package textcomp Info: Setting qcs sub-encoding to TS1/0 on input line 389.
Package textcomp Info: Setting qpl sub-encoding to TS1/0 on input line 390.
Package textcomp Info: Setting qtm sub-encoding to TS1/0 on input line 391.
Package textcomp Info: Setting qzc sub-encoding to TS1/0 on input line 392.
Package textcomp Info: Setting qhvc sub-encoding to TS1/0 on input line 393.
Package textcomp Info: Setting futs sub-encoding to TS1/4 on input line 394.
Package textcomp Info: Setting futx sub-encoding to TS1/4 on input line 395.
Package textcomp Info: Setting futj sub-encoding to TS1/4 on input line 396.
Package textcomp Info: Setting hlh sub-encoding to TS1/3 on input line 397.
Package textcomp Info: Setting hls sub-encoding to TS1/3 on input line 398.
Package textcomp Info: Setting hlst sub-encoding to TS1/3 on input line 399.
Package textcomp Info: Setting hlct sub-encoding to TS1/5 on input line 400.
Package textcomp Info: Setting hlx sub-encoding to TS1/5 on input line 401.
Package textcomp Info: Setting hlce sub-encoding to TS1/5 on input line 402.
Package textcomp Info: Setting hlcn sub-encoding to TS1/5 on input line 403.
Package textcomp Info: Setting hlcw sub-encoding to TS1/5 on input line 404.
Package textcomp Info: Setting hlcf sub-encoding to TS1/5 on input line 405.
Package textcomp Info: Setting pplx sub-encoding to TS1/3 on input line 406.
Package textcomp Info: Setting pplj sub-encoding to TS1/3 on input line 407.
Package textcomp Info: Setting ptmx sub-encoding to TS1/4 on input line 408.
Package textcomp Info: Setting ptmj sub-encoding to TS1/4 on input line 409.
)
("C:\Users\Cx\AppData\Local\Programs\MiKTeX 2.9\tex\latex\etoolbox\etoolbox.sty
"
Package: etoolbox 2018/02/11 v2.5e e-TeX tools for LaTeX (JAW)
\etb@tempcnta=\count103
)
LaTeX Info: Redefining \dagger on input line 289.
LaTeX Info: Redefining \ddagger on input line 290.
LaTeX Info: Redefining \mathparagraph on input line 291.
LaTeX Info: Redefining \mathsection on input line 292.
LaTeX Info: Redefining \mathdollar on input line 293.
LaTeX Info: Redefining \mathsterling on input line 294.
LaTeX Info: Redefining \yen on input line 295.
LaTeX Info: Redefining \circledR on input line 297.
LaTeX Info: Redefining \circledS on input line 299.
LaTeX Info: Redefining \Re on input line 300.
LaTeX Info: Redefining \Im on input line 301.
LaTeX Info: Redefining \thicksim on input line 303.
LaTeX Info: Redefining \thickapprox on input line 304.
LaTeX Info: Redefining \hslash on input line 305.
LaTeX Info: Redefining \centerdot on input line 306.
LaTeX Info: Redefining \hbar on input line 311.

("C:\Users\Cx\AppData\Local\Programs\MiKTeX 2.9\tex\latex\fltpoint\fltpoint.sty
"
Package: fltpoint 2004/11/12 v1.1b floating point arithmetic

("C:\Users\Cx\AppData\Local\Programs\MiKTeX 2.9\tex\generic\fltpoint\fltpoint.t
ex"
\fp@loopcount=\count104
\fp@loopcountii=\count105
\fp@result=\count106
\fp@carryover=\count107
\fp@tempcount=\count108
\fp@tempcountii=\count109
))
LaTeX Font Info:    Encoding `OMS' has changed to `U' for symbol font
(Font)              `symbols' in the math version `normal' on input line 404.
LaTeX Font Info:    Overwriting symbol font `symbols' in version `normal'
(Font)                  OMS/cmsy/m/n --> U/MdSymbolA/m/n on input line 404.
LaTeX Font Info:    Encoding `OMS' has changed to `U' for symbol font
(Font)              `symbols' in the math version `bold' on input line 404.
LaTeX Font Info:    Overwriting symbol font `symbols' in version `bold'
(Font)                  OMS/cmsy/b/n --> U/MdSymbolA/b/n on input line 404.
\symrelations=\mathgroup7
LaTeX Font Info:    Overwriting symbol font `relations' in version `bold'
(Font)                  U/MdSymbolB/m/n --> U/MdSymbolB/b/n on input line 405.
\symarrows=\mathgroup8
LaTeX Font Info:    Overwriting symbol font `arrows' in version `bold'
(Font)                  U/MdSymbolC/m/n --> U/MdSymbolC/b/n on input line 406.
\symnarrows=\mathgroup9
LaTeX Font Info:    Overwriting symbol font `narrows' in version `bold'
(Font)                  U/MdSymbolD/m/n --> U/MdSymbolD/b/n on input line 407.
LaTeX Font Info:    Encoding `OMX' has changed to `U' for symbol font
(Font)              `largesymbols' in the math version `normal' on input line 4
08.
LaTeX Font Info:    Overwriting symbol font `largesymbols' in version `normal'
(Font)                  OMX/cmex/m/n --> U/MdSymbolE/m/n on input line 408.
LaTeX Font Info:    Encoding `OMX' has changed to `U' for symbol font
(Font)              `largesymbols' in the math version `bold' on input line 408
.
LaTeX Font Info:    Overwriting symbol font `largesymbols' in version `bold'
(Font)                  OMX/cmex/m/n --> U/MdSymbolE/b/n on input line 408.
\symdelimiters=\mathgroup10
LaTeX Font Info:    Overwriting symbol font `delimiters' in version `bold'
(Font)                  U/MdSymbolF/m/n --> U/MdSymbolF/b/n on input line 409.
LaTeX Info: Redefining \vdots on input line 433.
LaTeX Info: Redefining \relbar on input line 1408.
LaTeX Info: Redefining \Relbar on input line 1409.
LaTeX Info: Redefining \joinrel on input line 1410.
LaTeX Font Info:    Redeclaring math accent \widehat on input line 1956.
LaTeX Font Info:    Redeclaring math accent \widetilde on input line 1957.
LaTeX Font Info:    Redeclaring math accent \vec on input line 1959.
LaTeX Font Info:    Redeclaring math symbol \setminus on input line 2037.
LaTeX Font Info:    Redeclaring math symbol \mid on input line 2041.
LaTeX Font Info:    Redeclaring math symbol \nmid on input line 2042.
LaTeX Font Info:    Redeclaring math symbol \parallel on input line 2046.
LaTeX Font Info:    Redeclaring math symbol \nparallel on input line 2047.
LaTeX Font Info:    Redeclaring math symbol \shortmid on input line 2055.
LaTeX Font Info:    Redeclaring math symbol \nshortmid on input line 2056.
LaTeX Font Info:    Redeclaring math symbol \shortparallel on input line 2057.
LaTeX Font Info:    Redeclaring math symbol \nshortparallel on input line 2058.

LaTeX Font Info:    Redeclaring math delimiter \uparrow on input line 2067.
LaTeX Font Info:    Redeclaring math delimiter \downarrow on input line 2068.
LaTeX Font Info:    Redeclaring math delimiter \updownarrow on input line 2069.

LaTeX Font Info:    Redeclaring math delimiter \Uparrow on input line 2070.
LaTeX Font Info:    Redeclaring math delimiter \Downarrow on input line 2071.
LaTeX Font Info:    Redeclaring math delimiter \Updownarrow on input line 2072.

LaTeX Font Info:    Redeclaring math symbol \braceld on input line 2073.
LaTeX Font Info:    Redeclaring math symbol \bracelu on input line 2074.
LaTeX Font Info:    Redeclaring math symbol \bracerd on input line 2075.
LaTeX Font Info:    Redeclaring math symbol \braceru on input line 2076.
LaTeX Info: Redefining \overbrace on input line 2094.
LaTeX Info: Redefining \underbrace on input line 2097.
LaTeX Font Info:    Redeclaring math symbol \surd on input line 2109.
LaTeX Info: Redefining \r@@t on input line 2113.
LaTeX Info: Redefining \c@ncel on input line 2159.
LaTeX Info: Redefining \not on input line 2160.
 ("C:\Users\Cx\AppData\Local\Programs\MiKTeX 2.9\tex\latex\tools\calc.sty"
Package: calc 2014/10/28 v4.3 Infix arithmetic (KKT,FJ)
\calc@Acount=\count110
\calc@Bcount=\count111
\calc@Adimen=\dimen122
\calc@Bdimen=\dimen123
\calc@Askip=\skip46
\calc@Bskip=\skip47
LaTeX Info: Redefining \setlength on input line 80.
LaTeX Info: Redefining \addtolength on input line 81.
\calc@Ccount=\count112
\calc@Cskip=\skip48
)
\overliningbox=\box28
) ("C:\Users\Cx\AppData\Local\Programs\MiKTeX 2.9\tex\latex\esvect\esvect.sty"
Package: esvect 
\symesvector=\mathgroup11
) ("C:\Users\Cx\AppData\Local\Programs\MiKTeX 2.9\tex\latex\tools\hhline.sty"
Package: hhline 2014/10/28 v2.03 Table rule package (DPC)
)
("C:\Users\Cx\AppData\Local\Programs\MiKTeX 2.9\tex\latex\eurosym\eurosym.sty"
Package: eurosym 1998/08/06 v1.1 European currency symbol ``Euro''
\@eurobox=\box29
) ("C:\Users\Cx\AppData\Local\Programs\MiKTeX 2.9\tex\latex\listings\listings.s
ty"
\lst@mode=\count113
\lst@gtempboxa=\box30
\lst@token=\toks23
\lst@length=\count114
\lst@currlwidth=\dimen124
\lst@column=\count115
\lst@pos=\count116
\lst@lostspace=\dimen125
\lst@width=\dimen126
\lst@newlines=\count117
\lst@lineno=\count118
\lst@maxwidth=\dimen127

("C:\Users\Cx\AppData\Local\Programs\MiKTeX 2.9\tex\latex\listings\lstmisc.sty"
File: lstmisc.sty 2015/06/04 1.6 (Carsten Heinz)
\c@lstnumber=\count119
\lst@skipnumbers=\count120
\lst@framebox=\box31
)
("C:\Users\Cx\AppData\Local\Programs\MiKTeX 2.9\tex\latex\listings\listings.cfg
"
File: listings.cfg 2015/06/04 1.6 listings configuration
))
Package: listings 2015/06/04 1.6 (Carsten Heinz)

("C:\Users\Cx\AppData\Local\Programs\MiKTeX 2.9\tex\latex\booktabs\booktabs.sty
"
Package: booktabs 2005/04/14 v1.61803 publication quality tables
\heavyrulewidth=\dimen128
\lightrulewidth=\dimen129
\cmidrulewidth=\dimen130
\belowrulesep=\dimen131
\belowbottomsep=\dimen132
\aboverulesep=\dimen133
\abovetopsep=\dimen134
\cmidrulesep=\dimen135
\cmidrulekern=\dimen136
\defaultaddspace=\dimen137
\@cmidla=\count121
\@cmidlb=\count122
\@aboverulesep=\dimen138
\@belowrulesep=\dimen139
\@thisruleclass=\count123
\@lastruleclass=\count124
\@thisrulewidth=\dimen140
)
("C:\Users\Cx\AppData\Local\Programs\MiKTeX 2.9\tex\latex\jknappen\mathrsfs.sty
"
Package: mathrsfs 1996/01/01 Math RSFS package v1.0 (jk)
\symrsfs=\mathgroup12
) ("C:\Users\Cx\AppData\Local\Programs\MiKTeX 2.9\tex\latex\commath\commath.sty
" ("C:\Users\Cx\AppData\Local\Programs\MiKTeX 2.9\tex\latex\base\ifthen.sty"
Package: ifthen 2014/09/29 v1.1c Standard LaTeX ifthen package (DPC)
))
("C:\Users\Cx\AppData\Local\Programs\MiKTeX 2.9\tex\latex\adjustbox\adjustbox.s
ty"
Package: adjustbox 2018/04/08 v1.1 Adjusting TeX boxes (trim, clip, ...)

("C:\Users\Cx\AppData\Local\Programs\MiKTeX 2.9\tex\latex\adjustbox\adjcalc.sty
"
Package: adjcalc 2012/05/16 v1.1 Provides advanced setlength with multiple back
-ends (calc, etex, pgfmath)
)
("C:\Users\Cx\AppData\Local\Programs\MiKTeX 2.9\tex\latex\adjustbox\trimclip.st
y"
Package: trimclip 2018/04/08 v1.1 Trim and clip general TeX material

("C:\Users\Cx\AppData\Local\Programs\MiKTeX 2.9\tex\latex\collectbox\collectbox
.sty"
Package: collectbox 2012/05/17 v0.4b Collect macro arguments as boxes
\collectedbox=\box32
)
\tc@llx=\dimen141
\tc@lly=\dimen142
\tc@urx=\dimen143
\tc@ury=\dimen144
Package trimclip Info: Using driver 'tc-pdftex.def'.

("C:\Users\Cx\AppData\Local\Programs\MiKTeX 2.9\tex\latex\adjustbox\tc-pdftex.d
ef"
File: tc-pdftex.def 2018/04/08 v2.1 Clipping driver for pdftex
))
\adjbox@Width=\dimen145
\adjbox@Height=\dimen146
\adjbox@Depth=\dimen147
\adjbox@Totalheight=\dimen148
\adjbox@pwidth=\dimen149
\adjbox@pheight=\dimen150
\adjbox@pdepth=\dimen151
\adjbox@ptotalheight=\dimen152

("C:\Users\Cx\AppData\Local\Programs\MiKTeX 2.9\tex\latex\ifoddpage\ifoddpage.s
ty"
Package: ifoddpage 2016/04/23 v1.1 Conditionals for odd/even page detection
\c@checkoddpage=\count125
)
("C:\Users\Cx\AppData\Local\Programs\MiKTeX 2.9\tex\latex\ltxmisc\varwidth.sty"
Package: varwidth 2009/03/30 ver 0.92;  Variable-width minipages
\@vwid@box=\box33
\sift@deathcycles=\count126
\@vwid@loff=\dimen153
\@vwid@roff=\dimen154
)) ("C:\Users\Cx\AppData\Local\Programs\MiKTeX 2.9\tex\latex\tools\array.sty"
Package: array 2016/10/06 v2.4d Tabular extension package (FMi)
\col@sep=\dimen155
\extrarowheight=\dimen156
\NC@list=\toks24
\extratabsurround=\skip49
\backup@length=\skip50
)
("C:\Users\Cx\AppData\Local\Programs\MiKTeX 2.9\tex\latex\graphics\lscape.sty"
Package: lscape 2000/10/22 v3.01 Landscape Pages (DPC)
) ("C:\Users\Cx\AppData\Local\Programs\MiKTeX 2.9\tex\latex\ellipsis\ellipsis.s
ty"
Package: ellipsis 2004/9/28 v1.6 ellipsis: fixes spacing around \protect \globa
l \let \OT1\textellipsis .\kern \fontdimen 3\font .\kern \fontdimen 3\font .\ke
rn \fontdimen 3\font \OT1\textellipsis 
 ("C:\Users\Cx\AppData\Local\Programs\MiKTeX 2.9\tex\latex\tools\xspace.sty"
Package: xspace 2014/10/28 v1.13 Space after command names (DPC,MH)
)) ("C:\Users\Cx\AppData\Local\Programs\MiKTeX 2.9\tex\latex\graphics\color.sty
"
Package: color 2016/07/10 v1.1e Standard LaTeX Color (DPC)

("C:\Users\Cx\AppData\Local\Programs\MiKTeX 2.9\tex\latex\graphics-cfg\color.cf
g"
File: color.cfg 2016/01/02 v1.6 sample color configuration
)
Package color Info: Driver file: pdftex.def on input line 147.
) ("C:\Users\Cx\AppData\Local\Programs\MiKTeX 2.9\tex\latex\float\float.sty"
Package: float 2001/11/08 v1.3d Float enhancements (AL)
\c@float@type=\count127
\float@exts=\toks25
\float@box=\box34
\@float@everytoks=\toks26
\@floatcapt=\box35
) ("C:\Users\Cx\AppData\Local\Programs\MiKTeX 2.9\tex\latex\caption\caption.sty
"
Package: caption 2018/05/01 v3.3-147 Customizing captions (AR)
 ("C:\Users\Cx\AppData\Local\Programs\MiKTeX 2.9\tex\latex\caption\caption3.sty
"
Package: caption3 2018/05/27 v1.8a caption3 kernel (AR)
Package caption3 Info: TeX engine: e-TeX on input line 64.
\captionmargin=\dimen157
\captionmargin@=\dimen158
\captionwidth=\dimen159
\caption@tempdima=\dimen160
\caption@indent=\dimen161
\caption@parindent=\dimen162
\caption@hangindent=\dimen163
)
\c@ContinuedFloat=\count128
Package caption Info: float package is loaded.
Package caption Info: listings package is loaded.
)
("C:\Users\Cx\AppData\Local\Programs\MiKTeX 2.9\tex\latex\tools\afterpage.sty"
Package: afterpage 2014/10/28 v1.08 After-Page Package (DPC)
\AP@output=\toks27
\AP@partial=\box36
\AP@footins=\box37
) ("C:\Users\Cx\AppData\Local\Programs\MiKTeX 2.9\tex\latex\listings\lstlang1.s
ty"
File: lstlang1.sty 2015/06/04 1.6 listings language file
)
("C:\Users\Cx\AppData\Local\Programs\MiKTeX 2.9\tex\latex\listings\lstmisc.sty"
File: lstmisc.sty 2015/06/04 1.6 (Carsten Heinz)
) (display_slave.aux)
\openout1 = `display_slave.aux'.

LaTeX Font Info:    Checking defaults for OML/cmm/m/it on input line 46.
LaTeX Font Info:    ... okay on input line 46.
LaTeX Font Info:    Checking defaults for T1/cmr/m/n on input line 46.
LaTeX Font Info:    ... okay on input line 46.
LaTeX Font Info:    Checking defaults for OT1/cmr/m/n on input line 46.
LaTeX Font Info:    ... okay on input line 46.
LaTeX Font Info:    Checking defaults for OMS/cmsy/m/n on input line 46.
LaTeX Font Info:    ... okay on input line 46.
LaTeX Font Info:    Checking defaults for OMX/cmex/m/n on input line 46.
LaTeX Font Info:    ... okay on input line 46.
LaTeX Font Info:    Checking defaults for U/cmr/m/n on input line 46.
LaTeX Font Info:    ... okay on input line 46.
LaTeX Font Info:    Checking defaults for TS1/cmr/m/n on input line 46.
LaTeX Font Info:    Try loading font information for TS1+cmr on input line 46.

("C:\Users\Cx\AppData\Local\Programs\MiKTeX 2.9\tex\latex\base\ts1cmr.fd"
File: ts1cmr.fd 2014/09/29 v2.5h Standard LaTeX font definitions
)
LaTeX Font Info:    ... okay on input line 46.

*geometry* driver: auto-detecting
*geometry* detected driver: pdftex
*geometry* verbose mode - [ preamble ] result:
* driver: pdftex
* paper: a4paper
* layout: <same size as paper>
* layoutoffset:(h,v)=(0.0pt,0.0pt)
* modes: 
* h-part:(L,W,R)=(71.13188pt, 455.24411pt, 71.13188pt)
* v-part:(T,H,B)=(71.13188pt, 702.78308pt, 71.13188pt)
* \paperwidth=597.50787pt
* \paperheight=845.04684pt
* \textwidth=455.24411pt
* \textheight=702.78308pt
* \oddsidemargin=-1.1381pt
* \evensidemargin=-1.1381pt
* \topmargin=-38.1381pt
* \headheight=12.0pt
* \headsep=25.0pt
* \topskip=12.0pt
* \footskip=30.0pt
* \marginparwidth=35.0pt
* \marginparsep=10.0pt
* \columnsep=10.0pt
* \skip\footins=10.8pt plus 4.0pt minus 2.0pt
* \hoffset=0.0pt
* \voffset=0.0pt
* \mag=1000
* \@twocolumnfalse
* \@twosidefalse
* \@mparswitchfalse
* \@reversemarginfalse
* (1in=72.27pt=25.4mm, 1cm=28.453pt)

("C:\Users\Cx\AppData\Local\Programs\MiKTeX 2.9\tex\context\base\supp-pdf.mkii"
[Loading MPS to PDF converter (version 2006.09.02).]
\scratchcounter=\count129
\scratchdimen=\dimen164
\scratchbox=\box38
\nofMPsegments=\count130
\nofMParguments=\count131
\everyMPshowfont=\toks28
\MPscratchCnt=\count132
\MPscratchDim=\dimen165
\MPnumerator=\count133
\makeMPintoPDFobject=\count134
\everyMPtoPDFconversion=\toks29
)
("C:\Users\Cx\AppData\Local\Programs\MiKTeX 2.9\tex\latex\oberdiek\epstopdf-bas
e.sty"
Package: epstopdf-base 2016/05/15 v2.6 Base part for package epstopdf

("C:\Users\Cx\AppData\Local\Programs\MiKTeX 2.9\tex\generic\oberdiek\infwarerr.
sty"
Package: infwarerr 2016/05/16 v1.4 Providing info/warning/error messages (HO)
)
("C:\Users\Cx\AppData\Local\Programs\MiKTeX 2.9\tex\latex\oberdiek\grfext.sty"
Package: grfext 2016/05/16 v1.2 Manage graphics extensions (HO)

("C:\Users\Cx\AppData\Local\Programs\MiKTeX 2.9\tex\generic\oberdiek\kvdefineke
ys.sty"
Package: kvdefinekeys 2016/05/16 v1.4 Define keys (HO)

("C:\Users\Cx\AppData\Local\Programs\MiKTeX 2.9\tex\generic\oberdiek\ltxcmds.st
y"
Package: ltxcmds 2016/05/16 v1.23 LaTeX kernel commands for general use (HO)
)))
("C:\Users\Cx\AppData\Local\Programs\MiKTeX 2.9\tex\latex\oberdiek\kvoptions.st
y"
Package: kvoptions 2016/05/16 v3.12 Key value format for package options (HO)

("C:\Users\Cx\AppData\Local\Programs\MiKTeX 2.9\tex\generic\oberdiek\kvsetkeys.
sty"
Package: kvsetkeys 2016/05/16 v1.17 Key value parser (HO)

("C:\Users\Cx\AppData\Local\Programs\MiKTeX 2.9\tex\generic\oberdiek\etexcmds.s
ty"
Package: etexcmds 2016/05/16 v1.6 Avoid name clashes with e-TeX commands (HO)

("C:\Users\Cx\AppData\Local\Programs\MiKTeX 2.9\tex\generic\oberdiek\ifluatex.s
ty"
Package: ifluatex 2016/05/16 v1.4 Provides the ifluatex switch (HO)
Package ifluatex Info: LuaTeX not detected.
)
Package etexcmds Info: Could not find \expanded.
(etexcmds)             That can mean that you are not using pdfTeX 1.50 or
(etexcmds)             that some package has redefined \expanded.
(etexcmds)             In the latter case, load this package earlier.
)))
("C:\Users\Cx\AppData\Local\Programs\MiKTeX 2.9\tex\generic\oberdiek\pdftexcmds
.sty"
Package: pdftexcmds 2018/01/21 v0.26 Utility functions of pdfTeX for LuaTeX (HO
)
Package pdftexcmds Info: LuaTeX not detected.
Package pdftexcmds Info: \pdf@primitive is available.
Package pdftexcmds Info: \pdf@ifprimitive is available.
Package pdftexcmds Info: \pdfdraftmode found.
)
Package epstopdf-base Info: Redefining graphics rule for `.eps' on input line 4
38.
Package grfext Info: Graphics extension search list:
(grfext)             [.pdf,.png,.jpg,.mps,.jpeg,.jbig2,.jb2,.PDF,.PNG,.JPG,.JPE
G,.JBIG2,.JB2,.eps]
(grfext)             \AppendGraphicsExtensions on input line 456.
)
\c@lstlisting=\count135
LaTeX Info: Redefining \dots on input line 46.
Package caption Info: Begin \AtBeginDocument code.
Package caption Info: End \AtBeginDocument code.
LaTeX Font Info:    Font shape `U/MdSymbolA/m/n' will be
(Font)              scaled to size 14.4pt on input line 49.
LaTeX Font Info:    Font shape `U/MdSymbolA/m/n' will be
(Font)              scaled to size 10.0pt on input line 49.
LaTeX Font Info:    Font shape `U/MdSymbolA/m/n' will be
(Font)              scaled to size 7.0pt on input line 49.
LaTeX Font Info:    Font shape `U/MdSymbolE/m/n' will be
(Font)              scaled to size 14.4pt on input line 49.
LaTeX Font Info:    Font shape `U/MdSymbolE/m/n' will be
(Font)              scaled to size 10.0pt on input line 49.
LaTeX Font Info:    Font shape `U/MdSymbolE/m/n' will be
(Font)              scaled to size 7.0pt on input line 49.
LaTeX Font Info:    Try loading font information for U+msa on input line 49.

("C:\Users\Cx\AppData\Local\Programs\MiKTeX 2.9\tex\latex\amsfonts\umsa.fd"
File: umsa.fd 2013/01/14 v3.01 AMS symbols A
)
LaTeX Font Info:    Try loading font information for U+msb on input line 49.

("C:\Users\Cx\AppData\Local\Programs\MiKTeX 2.9\tex\latex\amsfonts\umsb.fd"
File: umsb.fd 2013/01/14 v3.01 AMS symbols B
)
LaTeX Font Info:    Try loading font information for U+esint on input line 49.

("C:\Users\Cx\AppData\Local\Programs\MiKTeX 2.9\tex\latex\esint\uesint.fd"
File: uesint.fd 
)
LaTeX Font Info:    Font shape `U/MdSymbolB/m/n' will be
(Font)              scaled to size 14.4pt on input line 49.
LaTeX Font Info:    Font shape `U/MdSymbolB/m/n' will be
(Font)              scaled to size 10.0pt on input line 49.
LaTeX Font Info:    Font shape `U/MdSymbolB/m/n' will be
(Font)              scaled to size 7.0pt on input line 49.
LaTeX Font Info:    Font shape `U/MdSymbolC/m/n' will be
(Font)              scaled to size 14.4pt on input line 49.
LaTeX Font Info:    Font shape `U/MdSymbolC/m/n' will be
(Font)              scaled to size 10.0pt on input line 49.
LaTeX Font Info:    Font shape `U/MdSymbolC/m/n' will be
(Font)              scaled to size 7.0pt on input line 49.
LaTeX Font Info:    Font shape `U/MdSymbolD/m/n' will be
(Font)              scaled to size 14.4pt on input line 49.
LaTeX Font Info:    Font shape `U/MdSymbolD/m/n' will be
(Font)              scaled to size 10.0pt on input line 49.
LaTeX Font Info:    Font shape `U/MdSymbolD/m/n' will be
(Font)              scaled to size 7.0pt on input line 49.
LaTeX Font Info:    Font shape `U/MdSymbolF/m/n' will be
(Font)              scaled to size 14.4pt on input line 49.
LaTeX Font Info:    Font shape `U/MdSymbolF/m/n' will be
(Font)              scaled to size 10.0pt on input line 49.
LaTeX Font Info:    Font shape `U/MdSymbolF/m/n' will be
(Font)              scaled to size 7.0pt on input line 49.
LaTeX Font Info:    Try loading font information for U+esvect on input line 49.


("C:\Users\Cx\AppData\Local\Programs\MiKTeX 2.9\tex\latex\esvect\uesvect.fd"
File: uesvect.fd 
)
LaTeX Font Info:    Try loading font information for U+rsfs on input line 49.

("C:\Users\Cx\AppData\Local\Programs\MiKTeX 2.9\tex\latex\jknappen\ursfs.fd"
File: ursfs.fd 1998/03/24 rsfs font definition file (jk)
)
LaTeX Font Info:    Font shape `U/MdSymbolA/m/n' will be
(Font)              scaled to size 12.0pt on input line 60.
LaTeX Font Info:    Font shape `U/MdSymbolA/m/n' will be
(Font)              scaled to size 8.0pt on input line 60.
LaTeX Font Info:    Font shape `U/MdSymbolA/m/n' will be
(Font)              scaled to size 6.0pt on input line 60.
LaTeX Font Info:    Font shape `U/MdSymbolE/m/n' will be
(Font)              scaled to size 12.0pt on input line 60.
LaTeX Font Info:    Font shape `U/MdSymbolE/m/n' will be
(Font)              scaled to size 8.0pt on input line 60.
LaTeX Font Info:    Font shape `U/MdSymbolE/m/n' will be
(Font)              scaled to size 6.0pt on input line 60.
LaTeX Font Info:    Font shape `U/MdSymbolB/m/n' will be
(Font)              scaled to size 12.0pt on input line 60.
LaTeX Font Info:    Font shape `U/MdSymbolB/m/n' will be
(Font)              scaled to size 8.0pt on input line 60.
LaTeX Font Info:    Font shape `U/MdSymbolB/m/n' will be
(Font)              scaled to size 6.0pt on input line 60.
LaTeX Font Info:    Font shape `U/MdSymbolC/m/n' will be
(Font)              scaled to size 12.0pt on input line 60.
LaTeX Font Info:    Font shape `U/MdSymbolC/m/n' will be
(Font)              scaled to size 8.0pt on input line 60.
LaTeX Font Info:    Font shape `U/MdSymbolC/m/n' will be
(Font)              scaled to size 6.0pt on input line 60.
LaTeX Font Info:    Font shape `U/MdSymbolD/m/n' will be
(Font)              scaled to size 12.0pt on input line 60.
LaTeX Font Info:    Font shape `U/MdSymbolD/m/n' will be
(Font)              scaled to size 8.0pt on input line 60.
LaTeX Font Info:    Font shape `U/MdSymbolD/m/n' will be
(Font)              scaled to size 6.0pt on input line 60.
LaTeX Font Info:    Font shape `U/MdSymbolF/m/n' will be
(Font)              scaled to size 12.0pt on input line 60.
LaTeX Font Info:    Font shape `U/MdSymbolF/m/n' will be
(Font)              scaled to size 8.0pt on input line 60.
LaTeX Font Info:    Font shape `U/MdSymbolF/m/n' will be
(Font)              scaled to size 6.0pt on input line 60.

Overfull \hbox (16.65523pt too wide) in paragraph at lines 56--67
\OT1/cmr/m/n/12 The dis-play can be con-trolled over SPI with the sig-nals \OT1
/cmtt/m/n/12 spi[]sclk[]i\OT1/cmr/m/n/12 , \OT1/cmtt/m/n/12 spi[]ss[]i \OT1/cmr
/m/n/12 and \OT1/cmtt/m/n/12 spi[]mosi[]i\OT1/cmr/m/n/12 ,
 []

[1

{C:/Users/Cx/AppData/Local/MiKTeX/2.9/pdftex/config/pdftex.map}]
(display_slave.aux) ) 
Here is how much of TeX's memory you used:
 9055 strings out of 493305
 134070 string characters out of 3131107
 202258 words of memory out of 3000000
 12408 multiletter control sequences out of 15000+200000
 22444 words of font info for 92 fonts, out of 3000000 for 9000
 1141 hyphenation exceptions out of 8191
 53i,10n,92p,800b,296s stack positions out of 5000i,500n,10000p,200000b,50000s
<C:/Users/Cx/AppData/Local/Programs/MiKTeX 2.9/fonts/type1
/public/amsfonts/cm/cmbx12.pfb><C:/Users/Cx/AppData/Local/Programs/MiKTeX 2.9/f
onts/type1/public/amsfonts/cm/cmr12.pfb><C:/Users/Cx/AppData/Local/Programs/MiK
TeX 2.9/fonts/type1/public/amsfonts/cm/cmr17.pfb><C:/Users/Cx/AppData/Local/Pro
grams/MiKTeX 2.9/fonts/type1/public/amsfonts/cm/cmtt12.pfb>
Output written on display_slave.pdf (1 page, 47213 bytes).
PDF statistics:
 22 PDF objects out of 1000 (max. 8388607)
 0 named destinations out of 1000 (max. 500000)
 1 words of extra memory for PDF output out of 10000 (max. 10000000)

